<?xml version="1.0" encoding="ISO-8859-1"?>
<configuration>
  <component>
    <key>org.exoplatform.services.log.LogConfigurationInitializer</key>
    <type>org.exoplatform.services.log.LogConfigurationInitializer</type>
    <init-params>
      <value-param>
        <name>logger</name>
        <value>org.exoplatform.services.log.impl.BufferedLog4JLogger</value>
      </value-param>
      <value-param>
        <name>configurator</name>
        <value>org.exoplatform.services.log.impl.Log4JConfigurator</value>
      </value-param>
      <properties-param>
        <name>properties</name>
        <description>Log4J properties</description>
        <property name="log4j.rootLogger" value="INFO, stdout, file"/>

        <property name="log4j.appender.stdout" value="org.apache.log4j.ConsoleAppender"/>
        <property name="log4j.appender.stdout.threshold" value="INFO"/>

        <property name="log4j.appender.stdout.layout" value="org.apache.log4j.PatternLayout"/>
        <property name="log4j.appender.stdout.layout.ConversionPattern" value="%d{dd.MM.yyyy HH:mm:ss} *%-5p* [%t] %c{1}: %m (%F, line %L) %n"/>

        <property name="log4j.appender.file" value="org.apache.log4j.FileAppender"/>
        <property name="log4j.appender.file.File" value="target/jcr.log"/>

        <property name="log4j.appender.file.layout" value="org.apache.log4j.PatternLayout"/>
        <property name="log4j.appender.file.layout.ConversionPattern" value="%d{dd.MM.yyyy HH:mm:ss} *%-5p* [%t] %c{1}: %m (%F, line %L) %n"/>

        <!-- property name="log4j.category.ext.BackupScheduler" value="DEBUG"/>
        <property name="log4j.category.ext.BackupManagerImpl" value="DEBUG"/ -->

      </properties-param>
    </init-params>
  </component>
  
  <component>
    <key>org.exoplatform.services.organization.auth.AuthenticationService</key>
    <type>org.exoplatform.services.organization.auth.impl.AuthenticationServiceImpl</type>
  </component>
  
  <!-- REST -->
  <component>
    <type>org.exoplatform.services.jcr.ext.registry.RESTRegistryService</type>
  </component>
  
	<component>
		<type>org.exoplatform.services.jcr.ext.app.ThreadLocalSessionProviderService</type>
	</component>

  <component>
    <type>org.exoplatform.services.rest.ResourceDispatcher</type>
  </component>

  <component>
  	<type>org.exoplatform.services.rest.ResourceBinder</type>
    <init-params>
    	<value-param>
    		<name>strategy</name>
    		<value>org.exoplatform.services.rest.container.HTTPAnnotatedContainerResolvingStrategy</value>
    	</value-param>
    </init-params>
 	</component>

  <component>
      <type>org.exoplatform.services.jcr.ext.registry.RegistryService</type>
      <init-params>
        <properties-param>
        <name>locations</name>
        <property name="repository" value="system"/>
        </properties-param>
      </init-params>
    </component>

    <component>
      <key>org.exoplatform.services.jcr.ext.audit.AuditService</key>
      <type>org.exoplatform.services.jcr.ext.audit.AuditServiceImpl</type>
    </component>

    <component>
      <key>org.exoplatform.services.jcr.RepositoryService</key>
      <type>org.exoplatform.services.jcr.impl.RepositoryServiceImpl</type>
      <component-plugins>
        <component-plugin>
 		  <name>add.namespaces</name>
 		  <set-method>addPlugin</set-method>
 		  <type>org.exoplatform.services.jcr.impl.AddNamespacesPlugin</type>
 		  <init-params>
 		    <properties-param>
 		      <name>namespaces</name>
 		      <property name="dc" value="http://purl.org/dc/elements/1.1/"/>
 		      </properties-param>
 		  </init-params>
 		</component-plugin>
        <component-plugin>
          <name>add.nodeType</name>
          <set-method>addPlugin</set-method>
          <type>org.exoplatform.services.jcr.impl.AddNodeTypePlugin</type>
          <init-params>
          <values-param>
            <name>autoCreatedInNewRepository</name>
            <description>Node types configuration file</description>
            <value>jar:/conf/ext-nodetypes-config.xml</value>
            <value>jar:/conf/system-nodetypes-config.xml</value>
            <value>jar:/conf/dms-nodetypes-config.xml</value>
          </values-param>
        </init-params>
        </component-plugin>
      </component-plugins>
    </component>

    <component>
      <key>org.exoplatform.services.jcr.config.RepositoryServiceConfiguration</key>
      <type>org.exoplatform.services.jcr.impl.config.RepositoryServiceConfigurationImpl</type>
      <init-params>
        <value-param>
          <name>conf-path</name>
          <description>JCR configuration file</description>
          <value>jar:/conf/portal/repository-configuration.xml</value>
        </value-param>
      </init-params>
  </component>

  <component>
    <type>org.exoplatform.services.organization.impl.mock.DummyOrganizationService</type>
  </component>
  
  <component>
		<key>org.exoplatform.services.ecm.core.NodeService</key>
		<type>org.exoplatform.services.ecm.core.impl.NodeServiceImpl</type>
		<init-params>
			<value-param>
				<name>repository</name>
				<value>repository</value>				
			</value-param>
			<value-param>
				<name>workspace</name>
				<value>system</value>
			</value-param>
		</init-params>
	</component>

	<component>    
    <type>org.exoplatform.services.ecm.vote.VoteService</type>
  </component>
  
  <component>
		<key>org.exoplatform.services.ecm.drive.DriveManagerService</key>
		<type>org.exoplatform.services.ecm.drive.impl.DriveManagerServiceImpl</type>
	</component>
	
	<component>
		<key>org.exoplatform.services.ecm.template.NodeTemplateService</key>
		<type>org.exoplatform.services.ecm.template.impl.NodeTemplateServiceImpl</type>
	</component>

	<component> 
    <type>org.exoplatform.services.ecm.comment.CommentService</type>
  </component>	

	<component>
    <key>org.exoplatform.services.ecm.i18n.MultiLanguageService</key>
    <type>org.exoplatform.services.ecm.i18n.impl.MultiLanguageServiceImpl</type>
  </component>
  
  <component>
		<key>org.exoplatform.services.ecm.metadata.MetadataManagerService</key>
		<type>org.exoplatform.services.ecm.metadata.impl.MetadataManagerServiceImpl</type>
	</component>

	<component>
		<key>org.exoplatform.services.ecm.taxonomy.TaxonomyManagerService</key>
		<type>org.exoplatform.services.ecm.taxonomy.impl.TaxonomyManagerServiceImpl</type>
	</component>

	<component>
		<key>org.exoplatform.services.ecm.watch.WatchDocumentService</key>
		<type>org.exoplatform.services.ecm.watch.impl.WatchDocumentServiceImpl</type>		
		<init-params>
      <object-param>
        <name>messageConfig</name>
        <description>description</description>
        <object type="org.exoplatform.services.ecm.watch.impl.MessageConfig">
          <field  name="sender"><string>support@exoplatform.com</string></field>
          <field  name="subject"><string>Your watching document is changed</string></field>
          <field  name="mimeType"><string>text/plain</string></field>
          <field  name="content">
          	<string>The document that you are watching is changed. 
                    Please go to ecm to see this change
            </string>
          </field>          
        </object>
      </object-param>
    </init-params>     
	</component>	

  <external-component-plugins>
    <target-component>org.exoplatform.services.naming.InitialContextInitializer</target-component>
    <component-plugin>
          <name>bind.datasource</name>
          <set-method>addPlugin</set-method>
          <type>org.exoplatform.services.naming.BindReferencePlugin</type>
          <init-params>
            <value-param>
              <name>bind-name</name>
              <value>jdbcexo</value>
            </value-param>
            <value-param>
              <name>class-name</name>
              <value>javax.sql.DataSource</value>
            </value-param>
            <value-param>
              <name>factory</name>
              <value>org.apache.commons.dbcp.BasicDataSourceFactory</value>
            </value-param>
            <properties-param>
              <name>ref-addresses</name>
              <description>ref-addresses</description>
              <property name="driverClassName" value="org.hsqldb.jdbcDriver"/>
              <property name="url" value="jdbc:hsqldb:file:target/temp/data/portal"/>
              <property name="username" value="sa"/>
              <property name="password" value=""/>
            </properties-param>
          </init-params>
        </component-plugin>        
  </external-component-plugins>
  
  <external-component-plugins>
    <target-component>org.exoplatform.services.listener.ListenerService</target-component>
    <component-plugin>
      <name>exo.service.authentication.login</name>
      <set-method>addListener</set-method>
      <type>org.exoplatform.services.organization.auth.MembershipListener</type>
    </component-plugin>
  </external-component-plugins>
  
  <external-component-plugins>
    <target-component>org.exoplatform.services.ecm.drive.DriveManagerService</target-component>
    <component-plugin>
      <name>test.drive.component.plugin</name>
      <set-method>addPlugin</set-method>
      <type>org.exoplatform.services.ecm.drive.impl.DriveManagerPlugin</type>
      <init-params>
	      <object-param>        
	        <name>System files1</name>
	        <description>DriveEntry one</description>
	        <object type="org.exoplatform.services.ecm.drive.DriveEntry">
	          <field  name="name"><string>Mydrive1</string></field>
	          <field  name="group"><string>Mygroup1</string></field>
	          <field  name="accessPermissions">
	          	<collection type="java.util.ArrayList">
	          		<value><string>*:/platform/administrators</string></value>	          		               
	          	</collection>   	            	          
	          </field>
	          <field  name="repository"><string>Repository1</string></field>
	          <field  name="workspace"><string>system1</string></field>
	          <field  name="homePath"><string>HomePath1</string></field>
	          <field  name="iconPath"><string>IconPath1</string></field>
	          <field  name="views">
	          	<collection type="java.util.ArrayList">
	          		<value><string>system-view1</string></value>	          		               
	          	</collection>   	            
	          </field>
            <field  name="showReference"><boolean>false</boolean></field>
            <field  name="showNonDocument"><boolean>true</boolean></field>
            <field  name="showSideBar"><boolean>true</boolean></field>
            <field  name="showHiddenNode"><boolean>true</boolean></field>
            <field  name="allowCreateFolder"><string>Both</string></field>
	        </object>
	      </object-param>
	      <object-param>        
	        <name>System files2</name>
	        <description>DriveEntry Two</description>
	        <object type="org.exoplatform.services.ecm.drive.DriveEntry">
          	<field  name="repository"><string>Repository2</string></field>
	          <field  name="name"><string>Mydrive2</string></field>
	          <field  name="group"><string>Mygroup2</string></field>
	          <field  name="accessPermissions">
	          	<collection type="java.util.ArrayList">
	          		<value><string>*:/platform/administrators</string></value>	          		               
	          	</collection>   	            	          
	          </field>
	         
	          <field  name="workspace"><string>system2</string></field>
	          <field  name="homePath"><string>HomePath2</string></field>
	          <field  name="iconPath"><string>IconPath2</string></field>
	          <field  name="views">
	          	<collection type="java.util.ArrayList">
	          		<value><string>system-view2</string></value>	          		               
	          	</collection>   	            
	          </field>
            <field  name="showReference"><boolean>false</boolean></field>
            <field  name="showNonDocument"><boolean>true</boolean></field>
            <field  name="showSideBar"><boolean>true</boolean></field>
            <field  name="showHiddenNode"><boolean>true</boolean></field>
            <field  name="allowCreateFolder"><string>Both</string></field>
	        </object>
	      </object-param>    
      </init-params>
    </component-plugin>
  </external-component-plugins>
  
  <external-component-plugins>
    <target-component>org.exoplatform.services.ecm.template.NodeTemplateService</target-component>
    <component-plugin>
      <name>test.template.component.plugin</name>
      <set-method>addPlugin</set-method>
      <type>org.exoplatform.services.ecm.template.impl.NodeTemplatePlugin</type>
      <init-params>
      	<value-param>
        	<name>repository</name>
        	<value>testRepository</value>
      	</value-param>
	      <object-param>        
	        <name>System files1</name>
	        <description>Template one</description>
	        <object type="org.exoplatform.services.ecm.template.impl.TemplateConfig">
	        	<field  name="nodeTypes">
	        		<collection type="java.util.ArrayList">
	          		 <value>
	          		 	<object type="org.exoplatform.services.ecm.template.impl.TemplateConfig$NodeType">	
	          		 		<field  name="name"><string>exo:file</string></field>
	          		 		<field  name="label"><string>article</string></field>
	          		 		<field  name="documentTemplate"><boolean>true</boolean></field>
	          		 		<field  name="dialogs">
	          		 			<collection type="java.util.ArrayList">
	          		 				<value>
	          		 					<object type="org.exoplatform.services.ecm.template.impl.TemplateConfig$Template">
	          		 						<field  name="name"><string>dialog</string></field>
	          		 						<field name="templateFilePath"><string>jar:/templates/file/dialogs/admin_dialog.gtmpl</string></field>
	          		 						<field  name="accessPermissions">
	          									<collection type="java.util.ArrayList">
	          										<value><string>*:/platform/administrators</string></value>	          		               
	          									</collection>   	            	          
	          								</field>
	          		 					</object>
	          		 				</value>
	          		 			</collection>
	          		 		</field>
	          		 		<field  name="views">
	          		 			<collection type="java.util.ArrayList">
	          		 				<value>
	          		 					<object type="org.exoplatform.services.ecm.template.impl.TemplateConfig$Template">
	          		 						<field  name="name"><string>view</string></field>
	          		 						<field name="templateFilePath"><string>jar:/templates/file/views/view1.gtmpl</string></field>
	          		 						<field  name="accessPermissions">
	          									<collection type="java.util.ArrayList">
	          										<value><string>*:/platform/administrators</string></value>	          		               
	          									</collection>   	            	          
	          								</field>
	          		 					</object>
	          		 				</value>
	          		 			</collection>
	          		 		</field>
	          		 	</object>
	          		 </value>	          		               
	          	</collection>   	            	          
	          </field>
	        </object>
	      </object-param>    
      </init-params>
    </component-plugin>
  </external-component-plugins>
  
  <external-component-plugins>
    <target-component>org.exoplatform.services.ecm.metadata.MetadataManagerService</target-component>
    <component-plugin>
      <name>test.template.component.plugin</name>
      <set-method>addPlugin</set-method>
      <type>org.exoplatform.services.ecm.template.impl.NodeTemplatePlugin</type>
      <init-params>
      	<value-param>
        	<name>repository</name>
        	<value>testRepository</value>
      	</value-param>
	      <object-param>        
	        <name>System files1</name>
	        <description>Template one</description>
	        <object type="org.exoplatform.services.ecm.template.impl.TemplateConfig">
	        	<field  name="nodeTypes">
	        		<collection type="java.util.ArrayList">
	          		 <value>
	          		 	<object type="org.exoplatform.services.ecm.template.impl.TemplateConfig$NodeType">	
	          		 		<field  name="name"><string>file</string></field>
	          		 		<field  name="label"><string>article</string></field>
	          		 		<field  name="documentTemplate"><boolean>true</boolean></field>
	          		 		<field  name="dialogs">
	          		 			<collection type="java.util.ArrayList">
	          		 				<value>
	          		 					<object type="org.exoplatform.services.ecm.template.impl.TemplateConfig$Template">
	          		 						<field  name="name"><string>dialog</string></field>
	          		 						<field name="templateFilePath"><string>jar:/templates/file/dialogs/admin_dialog.gtmpl</string></field>
	          		 						<field  name="accessPermissions">
	          									<collection type="java.util.ArrayList">
	          										<value><string>*:/platform/administrators</string></value>	          		               
	          									</collection>   	            	          
	          								</field>
	          		 					</object>
	          		 				</value>
	          		 			</collection>
	          		 		</field>
	          		 		<field  name="views">
	          		 			<collection type="java.util.ArrayList">
	          		 				<value>
	          		 					<object type="org.exoplatform.services.ecm.template.impl.TemplateConfig$Template">
	          		 						<field  name="name"><string>view</string></field>
	          		 						<field name="templateFilePath"><string>jar:/templates/file/views/view1.gtmpl</string></field>
	          		 						<field  name="accessPermissions">
	          									<collection type="java.util.ArrayList">
	          										<value><string>*:/platform/administrators</string></value>	          		               
	          									</collection>   	            	          
	          								</field>
	          		 					</object>
	          		 				</value>
	          		 			</collection>
	          		 		</field>
	          		 	</object>
	          		 </value>	          		               
	          	</collection>   	            	          
	          </field>
	        </object>
	      </object-param>    
      </init-params>
    </component-plugin>
  </external-component-plugins>
	
	<!-- Test for Taxonomy -->
	<external-component-plugins>
    <target-component>org.exoplatform.services.ecm.taxonomy.TaxonomyManagerService</target-component>  	  
		  <component-plugin>
			  <name>predefinedTaxonomyPlugin</name>
		    <set-method>addPlugin</set-method>
		    <type>org.exoplatform.services.ecm.taxonomy.impl.TaxonomyPlugin</type>
		    <init-params>
		    	<value-param>
	        	<name>autoCreateInNewRepository</name>
	        	<value>true</value>
	        </value-param>	        
	        <value-param>
	        	<name>repository</name>
	        	<value>repository</value>
	        </value-param>	        
		    	<object-param>
		    		<name>taxonomy.configuration</name>
	          <description>configuration predefined taxonomies to inject in jcr</description>
	          <object type="org.exoplatform.services.ecm.taxonomy.impl.HierarchicalTaxonomyConfig">	          	
	          	<field  name="taxonomies">
	          		<collection type="java.util.ArrayList">	          		  
	          			<value>
	          				<object type="org.exoplatform.services.ecm.taxonomy.impl.HierarchicalTaxonomyConfig$Taxonomy">
		          			  <field  name="name"><string>ecmTaxonomy</string></field>		          				          				
		          				<field  name="path"><string>/ecm</string></field>		          				          						          				
		          			</object>
		          		</value>
		          		<value>	
		          			<object type="org.exoplatform.services.ecm.taxonomy.impl.HierarchicalTaxonomyConfig$Taxonomy">
		          			  <field  name="name"><string>newsTaxonomy</string></field>		          				          				
		          				<field  name="path"><string>/ecm/news</string></field>		          				          						          				
		          			</object>
		          		</value>
		          		<value>
		          			<object type="org.exoplatform.services.ecm.taxonomy.impl.HierarchicalTaxonomyConfig$Taxonomy">
		          			  <field  name="name"><string>sportsTaxonomy</string></field>		          				          				
		          				<field  name="path"><string>/ecm/sports</string></field>		          				          						          				
		          			</object>
		          		</value>		          				          		
		          		<value>
		          			<object type="org.exoplatform.services.ecm.taxonomy.impl.HierarchicalTaxonomyConfig$Taxonomy">
		          			  <field  name="name"><string>footballTaxonomy</string></field>		          				          				
		          				<field  name="path"><string>/ecm/sports/football</string></field>		          				          						          				
		          			</object>
		          		</value>
		          		<value>
		          			<object type="org.exoplatform.services.ecm.taxonomy.impl.HierarchicalTaxonomyConfig$Taxonomy">
		          			  <field  name="name"><string>champions-leagueTaxonomy</string></field>		          				          				
		          				<field  name="path"><string>/ecm/sports/football/champions-league</string></field>		          				          						          				
		          			</object>
		          		</value>
		          		<value>
		          			<object type="org.exoplatform.services.ecm.taxonomy.impl.HierarchicalTaxonomyConfig$Taxonomy">
		          			  <field  name="name"><string>uefaTaxonomy</string></field>		          				          				
		          				<field  name="path"><string>/ecm/sports/football/uefa</string></field>		          				          						          				
		          			</object>
		          		</value>		          		
	          		  <!-- calendar taxonomy -->
	          			<value>
	          				<object type="org.exoplatform.services.ecm.taxonomy.impl.HierarchicalTaxonomyConfig$Taxonomy">
		          			  <field  name="name"><string>calendarTaxonomy</string></field>		          				          				
		          				<field  name="path"><string>/calendar</string></field>		          				          						          				
		          			</object>
		          		</value>
		          		<value>	
		          			<object type="org.exoplatform.services.ecm.taxonomy.impl.HierarchicalTaxonomyConfig$Taxonomy">
		          			  <field  name="name"><string>birthdayTaxonomy</string></field>		          				          				
		          				<field  name="path"><string>/calendar/Birthday</string></field>		          				          						          				
		          			</object>
		          		</value>
		          		<value>
		          			<object type="org.exoplatform.services.ecm.taxonomy.impl.HierarchicalTaxonomyConfig$Taxonomy">
		          			  <field  name="name"><string>breakfastTaxonomy</string></field>		          				          				
		          				<field  name="path"><string>/calendar/Breakfast</string></field>		          				          						          				
		          			</object>
		          		</value>
		          		<value>
		          			<object type="org.exoplatform.services.ecm.taxonomy.impl.HierarchicalTaxonomyConfig$Taxonomy">
		          			  <field  name="name"><string>callTaxonomy</string></field>		          				          				
		          				<field  name="path"><string>/calendar/Call</string></field>		          				          						          				
		          			</object>
		          		</value>
		          		<value>
		          			<object type="org.exoplatform.services.ecm.taxonomy.impl.HierarchicalTaxonomyConfig$Taxonomy">
		          			  <field  name="name"><string>lunchTaxonomy</string></field>		          				          				
		          				<field  name="path"><string>/calendar/Lunch</string></field>		          				          						          				
		          			</object>
		          		</value>
		          		<value>
		          			<object type="org.exoplatform.services.ecm.taxonomy.impl.HierarchicalTaxonomyConfig$Taxonomy">
		          			  <field  name="name"><string>meetingTaxonomy</string></field>		          				          				
		          				<field  name="path"><string>/calendar/Meeting</string></field>		          				          						          				
		          			</object>
		          		</value>
		          		<value>
		          			<object type="org.exoplatform.services.ecm.taxonomy.impl.HierarchicalTaxonomyConfig$Taxonomy">
		          			  <field  name="name"><string>otherCalendarTaxonomy</string></field>		          				          				
		          				<field  name="path"><string>/calendar/Other</string></field>		          				          						          				
		          			</object>
		          		</value>
		          		<value>
		          			<object type="org.exoplatform.services.ecm.taxonomy.impl.HierarchicalTaxonomyConfig$Taxonomy">
		          			  <field  name="name"><string>persionalTaxonomy</string></field>		          				          				
		          				<field  name="path"><string>/calendar/Personal</string></field>		          				          						          				
		          			</object>
		          		</value>
		          		<value>
		          			<object type="org.exoplatform.services.ecm.taxonomy.impl.HierarchicalTaxonomyConfig$Taxonomy">
		          			  <field  name="name"><string>professionalTaxonomy</string></field>		          				          				
		          				<field  name="path"><string>/calendar/Professional</string></field>		          				          						          				
		          			</object>
		          		</value>
		          		<value>
		          			<object type="org.exoplatform.services.ecm.taxonomy.impl.HierarchicalTaxonomyConfig$Taxonomy">
		          			  <field  name="name"><string>vacationsTaxonomy</string></field>		          				          				
		          				<field  name="path"><string>/calendar/Vacations</string></field>		          				          						          				
		          			</object>
		          		</value>
	          		</collection>
	          	</field>          	          
	          </object>
		    	</object-param>
		    </init-params>	  
		  </component-plugin> 
	</external-component-plugins>

	<external-component-plugins>
    <target-component>org.exoplatform.services.ecm.taxonomy.TaxonomyManagerService</target-component>  	  
		  <component-plugin>
			  <name>predefinedTaxonomyPlugin2</name>
		    <set-method>addPlugin</set-method>
		    <type>org.exoplatform.services.ecm.taxonomy.impl.TaxonomyPlugin</type>
		    <init-params>
		    	<value-param>
	        	<name>autoCreateInNewRepository</name>
	        	<value>true</value>
	        </value-param>	        
	        <value-param>
	        	<name>repository</name>
	        	<value>repository</value>
	        </value-param>	        
		    	<object-param>
		    		<name>taxonomy.configuration</name>
	          <description>configuration predefined taxonomies to inject in jcr</description>
	          <object type="org.exoplatform.services.ecm.taxonomy.impl.HierarchicalTaxonomyConfig">	          	
	          	<field  name="taxonomies">
	          		<collection type="java.util.ArrayList">	          		  
		          		<value>
		          			<object type="org.exoplatform.services.ecm.taxonomy.impl.HierarchicalTaxonomyConfig$Taxonomy">
		          			  <field  name="name"><string>worldTaxonomy</string></field>		          				          				
		          				<field  name="path"><string>/ecm/news/world</string></field>		          				          						          				
		          			</object>
		          		</value>
		          		<value>
		          			<object type="org.exoplatform.services.ecm.taxonomy.impl.HierarchicalTaxonomyConfig$Taxonomy">
		          			  <field  name="name"><string>economyTaxonomy</string></field>		          				          				
		          				<field  name="path"><string>/ecm/news/economy</string></field>		          				          						          				
		          			</object>
		          		</value>		          			          	
	          		</collection>
	          	</field>          	          
	          </object>
		    	</object-param>
		    </init-params>	  
		  </component-plugin> 
	</external-component-plugins>
	
	<external-component-plugins>
    <target-component>org.exoplatform.services.jcr.ext.hierarchy.NodeHierarchyCreator</target-component>
    <component-plugin>
	    <name>addPaths</name>
	    <set-method>addPlugin</set-method>
	    <type>org.exoplatform.services.jcr.ext.hierarchy.impl.AddPathPlugin</type>            
	    <init-params>
	      <object-param>
	        <name>cms.configuration</name>
	        <description>configuration for the cms path</description>
	        <object type="org.exoplatform.services.jcr.ext.hierarchy.impl.HierarchyConfig">
	        	<field  name="repository"><string>repository</string></field>
	        	<field name="workspaces">
	          	<collection type="java.util.ArrayList">
	          		<value><string>collaboration</string></value>	          		               
	          	</collection>              	
	          </field>
	          <field  name="jcrPaths">
	          	<collection type="java.util.ArrayList">
	          		<value>              	
		             	<object type="org.exoplatform.services.jcr.ext.hierarchy.impl.HierarchyConfig$JcrPath">              	 	
		             		<field  name="alias"><string>eXoApplications</string></field>
		                <field  name="path"><string>/exo:applications</string></field>
		                <field name="mixinTypes">
				              <collection type="java.util.ArrayList">
				              	<value><string>exo:hiddenable</string></value>
				            	</collection>
				            </field>				            	
		                <field name="permissions">
				              <collection type="java.util.ArrayList">               
				                <value>                            
				                  <object type="org.exoplatform.services.jcr.ext.hierarchy.impl.HierarchyConfig$Permission">             
				                      <field name="identity"><string>*:/platform/administrators</string></field>
				                      <field name="read"><string>true</string></field>                
				                      <field name="addNode"><string>true</string></field>                
				                      <field name="setProperty"><string>true</string></field>                
				                      <field name="remove"><string>true</string></field>                
				                    </object>  
				                </value>			                  
			                </collection>
			              </field>   			               
	              	</object>
              	</value>
             		<value>              	
		             	<object type="org.exoplatform.services.jcr.ext.hierarchy.impl.HierarchyConfig$JcrPath">              	 	
		             		<field  name="alias"><string>eXoServices</string></field>
		                <field  name="path"><string>/exo:services</string></field>
		                <field name="mixinTypes">
				              <collection type="java.util.ArrayList">
				              	<value><string>exo:hiddenable</string></value>
				            	</collection>
				            </field>
		                <field name="permissions">
				              <collection type="java.util.ArrayList">               
				                <value>                            
				                  <object type="org.exoplatform.services.jcr.ext.hierarchy.impl.HierarchyConfig$Permission">             
				                      <field name="identity"><string>*:/platform/administrators</string></field>
				                      <field name="read"><string>true</string></field>                
				                      <field name="addNode"><string>true</string></field>                
				                      <field name="setProperty"><string>true</string></field>                
				                      <field name="remove"><string>true</string></field>                
				                    </object>  
				                </value>			                  
			                </collection>
			              </field>   			               
	              	</object>
              	</value>	          		
              	<value>              	
	              	<object type="org.exoplatform.services.jcr.ext.hierarchy.impl.HierarchyConfig$JcrPath">              	 	
	              		<field  name="alias"><string>usersPath</string></field>
	                  <field  name="path"><string>/Users</string></field>
	                  <field name="permissions">
			                <collection type="java.util.ArrayList">               
			                  <value>                            
			                    <object type="org.exoplatform.services.jcr.ext.hierarchy.impl.HierarchyConfig$Permission">             
			                      <field name="identity"><string>*:/platform/administrators</string></field>
			                      <field name="read"><string>true</string></field>                
			                      <field name="addNode"><string>false</string></field>                
			                      <field name="setProperty"><string>false</string></field>                
			                      <field name="remove"><string>false</string></field>                
			                    </object>  
			                  </value>
			                  <value>                            
			                    <object type="org.exoplatform.services.jcr.ext.hierarchy.impl.HierarchyConfig$Permission">             
			                      <field name="identity"><string>any</string></field>
			                      <field name="read"><string>true</string></field>                
			                      <field name="addNode"><string>false</string></field>                
			                      <field name="setProperty"><string>false</string></field>                
			                      <field name="remove"><string>false</string></field>                
			                    </object>  
			                  </value>
			                </collection>
			              </field>   			               
	              	</object>
              	</value>
              	<value>              	
	              	<object type="org.exoplatform.services.jcr.ext.hierarchy.impl.HierarchyConfig$JcrPath">              	 	
	              		<field  name="alias"><string>groupsPath</string></field>
	                  <field  name="path"><string>/Groups</string></field>
	                  <field name="permissions">
			                <collection type="java.util.ArrayList">               
			                  <value>                            
			                    <object type="org.exoplatform.services.jcr.ext.hierarchy.impl.HierarchyConfig$Permission">             
			                      <field name="identity"><string>*:/platform/administrators</string></field>
			                      <field name="read"><string>true</string></field>                
			                      <field name="addNode"><string>false</string></field>                
			                      <field name="setProperty"><string>false</string></field>                
			                      <field name="remove"><string>false</string></field>                
			                    </object>  
			                  </value>
			                  <value>                            
			                    <object type="org.exoplatform.services.jcr.ext.hierarchy.impl.HierarchyConfig$Permission">             
			                      <field name="identity"><string>any</string></field>
			                      <field name="read"><string>true</string></field>                
			                      <field name="addNode"><string>false</string></field>                
			                      <field name="setProperty"><string>true</string></field>                
			                      <field name="remove"><string>false</string></field>                
			                    </object>  
			                  </value>
			                </collection>
			              </field>   			               
	              	</object>
              	</value>
								<value>              	
		             	<object type="org.exoplatform.services.jcr.ext.hierarchy.impl.HierarchyConfig$JcrPath">              	 	
		             		<field  name="alias"><string>eXoECMServices</string></field>
		                <field  name="path"><string>/exo:services/exo:ecm</string></field>
		                <field name="mixinTypes">
				              <collection type="java.util.ArrayList">
				              	<value><string>exo:hiddenable</string></value>
				            	</collection>
				            </field>
		                <field name="permissions">
				              <collection type="java.util.ArrayList">               
				                <value>                            
				                  <object type="org.exoplatform.services.jcr.ext.hierarchy.impl.HierarchyConfig$Permission">             
				                      <field name="identity"><string>*:/platform/administrators</string></field>
				                      <field name="read"><string>true</string></field>                
				                      <field name="addNode"><string>true</string></field>                
				                      <field name="setProperty"><string>true</string></field>                
				                      <field name="remove"><string>true</string></field>                
				                    </object>  
				                </value>			                  
			                </collection>
			              </field>   			               
	              	</object>
              	</value>
								<value>              	
		             	<object type="org.exoplatform.services.jcr.ext.hierarchy.impl.HierarchyConfig$JcrPath">              	 	
		             		<field  name="alias"><string>eXoTaxonomyService</string></field>
		                <field  name="path"><string>/exo:services/exo:ecm/exo:taxonomies</string></field>
		                <field name="mixinTypes">
				              <collection type="java.util.ArrayList">
				              	<value><string>exo:hiddenable</string></value>
				            	</collection>
				            </field>
		                <field name="permissions">
				              <collection type="java.util.ArrayList">               
				                <value>                            
				                  <object type="org.exoplatform.services.jcr.ext.hierarchy.impl.HierarchyConfig$Permission">             
				                      <field name="identity"><string>*:/platform/administrators</string></field>
				                      <field name="read"><string>true</string></field>                
				                      <field name="addNode"><string>true</string></field>                
				                      <field name="setProperty"><string>true</string></field>                
				                      <field name="remove"><string>true</string></field>                
				                    </object>  
				                </value>			                  
			                </collection>
			              </field>   			               
	              	</object>
              	</value>	       									              		              		              		              		       									              		              		              		              	
	          	</collection>              	              	
	          </field>
	        </object>
	      </object-param>
	    </init-params>            
	  </component-plugin>
	</external-component-plugins>


  <remove-configuration>org.exoplatform.services.scheduler.JobSchedulerService</remove-configuration>    
  <remove-configuration>org.exoplatform.services.transaction.ExoTransactionService</remove-configuration>  
</configuration>
