<?xml version="1.0" encoding="ISO-8859-1"?>
<configuration>
  <component>
    <key>org.exoplatform.services.log.LogConfigurationInitializer</key>
    <type>org.exoplatform.services.log.LogConfigurationInitializer</type>
    <init-params>
      <value-param>
        <name>logger</name>
        <value>org.exoplatform.services.log.impl.BufferedLog4JLogger</value>
      </value-param>
      <value-param>
        <name>configurator</name>
        <value>org.exoplatform.services.log.impl.Log4JConfigurator</value>
      </value-param>
      <properties-param>
        <name>properties</name>
        <description>Log4J properties</description>
        <property name="log4j.rootLogger" value="INFO, stdout, file"/>

        <property name="log4j.appender.stdout" value="org.apache.log4j.ConsoleAppender"/>
        <property name="log4j.appender.stdout.threshold" value="INFO"/>

        <property name="log4j.appender.stdout.layout" value="org.apache.log4j.PatternLayout"/>
        <property name="log4j.appender.stdout.layout.ConversionPattern" value="%d{dd.MM.yyyy HH:mm:ss} *%-5p* [%t] %c{1}: %m (%F, line %L) %n"/>

        <property name="log4j.appender.file" value="org.apache.log4j.FileAppender"/>
        <property name="log4j.appender.file.File" value="target/jcr.log"/>

        <property name="log4j.appender.file.layout" value="org.apache.log4j.PatternLayout"/>
        <property name="log4j.appender.file.layout.ConversionPattern" value="%d{dd.MM.yyyy HH:mm:ss} *%-5p* [%t] %c{1}: %m (%F, line %L) %n"/>

        <!-- property name="log4j.category.ext.BackupScheduler" value="DEBUG"/>
        <property name="log4j.category.ext.BackupManagerImpl" value="DEBUG"/ -->

      </properties-param>
    </init-params>
  </component>
  
  <component>
    <key>org.exoplatform.services.organization.auth.AuthenticationService</key>
    <type>org.exoplatform.services.organization.auth.impl.AuthenticationServiceImpl</type>
  </component>
  
  <!-- REST -->
  <component>
    <type>org.exoplatform.services.jcr.ext.registry.RESTRegistryService</type>
  </component>
  
	<component>
		<type>org.exoplatform.services.jcr.ext.app.ThreadLocalSessionProviderService</type>
	</component>

  <component>
    <type>org.exoplatform.services.rest.ResourceDispatcher</type>
  </component>

  <component>
  	<type>org.exoplatform.services.rest.ResourceBinder</type>
    <init-params>
    	<value-param>
    		<name>strategy</name>
    		<value>org.exoplatform.services.rest.container.HTTPAnnotatedContainerResolvingStrategy</value>
    	</value-param>
    </init-params>
 	</component>

  <component>
      <type>org.exoplatform.services.jcr.ext.registry.RegistryService</type>
      <init-params>
        <properties-param>
        <name>locations</name>
        <property name="repository" value="system"/>
        </properties-param>
      </init-params>
    </component>

    <component>
      <key>org.exoplatform.services.jcr.ext.audit.AuditService</key>
      <type>org.exoplatform.services.jcr.ext.audit.AuditServiceImpl</type>
    </component>

    <component>
      <key>org.exoplatform.services.jcr.RepositoryService</key>
      <type>org.exoplatform.services.jcr.impl.RepositoryServiceImpl</type>
      <component-plugins>
        <component-plugin>
 		  <name>add.namespaces</name>
 		  <set-method>addPlugin</set-method>
 		  <type>org.exoplatform.services.jcr.impl.AddNamespacesPlugin</type>
 		  <init-params>
 		    <properties-param>
 		      <name>namespaces</name>
 		      <property name="dc" value="http://purl.org/dc/elements/1.1/"/>
 		      </properties-param>
 		  </init-params>
 		</component-plugin>
        <component-plugin>
          <name>add.nodeType</name>
          <set-method>addPlugin</set-method>
          <type>org.exoplatform.services.jcr.impl.AddNodeTypePlugin</type>
          <init-params>
          <values-param>
            <name>autoCreatedInNewRepository</name>
            <description>Node types configuration file</description>
            <value>jar:/conf/ext-nodetypes-config.xml</value>
            <value>jar:/conf/system-nodetypes-config.xml</value>
            <value>jar:/conf/dms-nodetypes-config.xml</value>
          </values-param>
        </init-params>
        </component-plugin>
      </component-plugins>
    </component>

    <component>
      <key>org.exoplatform.services.jcr.config.RepositoryServiceConfiguration</key>
      <type>org.exoplatform.services.jcr.impl.config.RepositoryServiceConfigurationImpl</type>
      <init-params>
        <value-param>
          <name>conf-path</name>
          <description>JCR configuration file</description>
          <value>jar:/conf/portal/repository-configuration.xml</value>
        </value-param>
      </init-params>
  </component>

  <component>
    <type>org.exoplatform.services.organization.impl.mock.DummyOrganizationService</type>
  </component>
  
  <component>
		<key>org.exoplatform.services.ecm.core.NodeService</key>
		<type>org.exoplatform.services.ecm.core.impl.NodeServiceImpl</type>
		<init-params>
			<value-param>
				<name>repository</name>
				<value>repository</value>				
			</value-param>
			<value-param>
				<name>workspace</name>
				<value>system</value>
			</value-param>
		</init-params>
	</component>
 
	<component>    
    <type>org.exoplatform.services.ecm.vote.VoteService</type>
  </component>
  
  <component>
		<key>org.exoplatform.services.ecm.drive.DriveManagerService</key>
		<type>org.exoplatform.services.ecm.drive.impl.DriveManagerServiceImpl</type>
	</component>
	
	<component>
		<key>org.exoplatform.services.ecm.template.NodeTemplateService</key>
		<type>org.exoplatform.services.ecm.template.impl.NodeTemplateServiceImpl</type>
	</component>

	<component> 
    <type>org.exoplatform.services.ecm.comment.CommentService</type>
  </component>	

	<component>
    <key>org.exoplatform.services.ecm.i18n.MultiLanguageService</key>
    <type>org.exoplatform.services.ecm.i18n.impl.MultiLanguageServiceImpl</type>
  </component>

  <external-component-plugins>
    <target-component>org.exoplatform.services.naming.InitialContextInitializer</target-component>
    <component-plugin>
          <name>bind.datasource</name>
          <set-method>addPlugin</set-method>
          <type>org.exoplatform.services.naming.BindReferencePlugin</type>
          <init-params>
            <value-param>
              <name>bind-name</name>
              <value>jdbcexo</value>
            </value-param>
            <value-param>
              <name>class-name</name>
              <value>javax.sql.DataSource</value>
            </value-param>
            <value-param>
              <name>factory</name>
              <value>org.apache.commons.dbcp.BasicDataSourceFactory</value>
            </value-param>
            <properties-param>
              <name>ref-addresses</name>
              <description>ref-addresses</description>
              <property name="driverClassName" value="org.hsqldb.jdbcDriver"/>
              <property name="url" value="jdbc:hsqldb:file:target/temp/data/portal"/>
              <property name="username" value="sa"/>
              <property name="password" value=""/>
            </properties-param>
          </init-params>
        </component-plugin>        
  </external-component-plugins>
  
  <external-component-plugins>
    <target-component>org.exoplatform.services.listener.ListenerService</target-component>
    <component-plugin>
      <name>exo.service.authentication.login</name>
      <set-method>addListener</set-method>
      <type>org.exoplatform.services.organization.auth.MembershipListener</type>
    </component-plugin>
  </external-component-plugins>
  
  <external-component-plugins>
    <target-component>org.exoplatform.services.ecm.drive.DriveManagerService</target-component>
    <component-plugin>
      <name>test.drive.component.plugin</name>
      <set-method>addPlugin</set-method>
      <type>org.exoplatform.services.ecm.drive.impl.DriveManagerPlugin</type>
      <init-params>
	      <object-param>        
	        <name>System files1</name>
	        <description>DriveEntry one</description>
	        <object type="org.exoplatform.services.ecm.drive.DriveEntry">
	          <field  name="name"><string>Mydrive1</string></field>
	          <field  name="group"><string>Mygroup1</string></field>
	          <field  name="accessPermissions">
	          	<collection type="java.util.ArrayList">
	          		<value><string>*:/platform/administrators</string></value>	          		               
	          	</collection>   	            	          
	          </field>
	          <field  name="repository"><string>Repository1</string></field>
	          <field  name="workspace"><string>system1</string></field>
	          <field  name="homePath"><string>HomePath1</string></field>
	          <field  name="iconPath"><string>IconPath1</string></field>
	          <field  name="views">
	          	<collection type="java.util.ArrayList">
	          		<value><string>system-view1</string></value>	          		               
	          	</collection>   	            
	          </field>
            <field  name="showReference"><boolean>false</boolean></field>
            <field  name="showNonDocument"><boolean>true</boolean></field>
            <field  name="showSideBar"><boolean>true</boolean></field>
            <field  name="showHiddenNode"><boolean>true</boolean></field>
            <field  name="allowCreateFolder"><string>both</string></field>
	        </object>
	      </object-param>
	      <object-param>        
	        <name>System files2</name>
	        <description>DriveEntry Two</description>
	        <object type="org.exoplatform.services.ecm.drive.DriveEntry">
          	<field  name="repository"><string>Repository2</string></field>
	          <field  name="name"><string>Mydrive2</string></field>
	          <field  name="group"><string>Mygroup2</string></field>
	          <field  name="accessPermissions">
	          	<collection type="java.util.ArrayList">
	          		<value><string>*:/platform/administrators</string></value>	          		               
	          	</collection>   	            	          
	          </field>
	         
	          <field  name="workspace"><string>system2</string></field>
	          <field  name="homePath"><string>HomePath2</string></field>
	          <field  name="iconPath"><string>IconPath2</string></field>
	          <field  name="views">
	          	<collection type="java.util.ArrayList">
	          		<value><string>system-view2</string></value>	          		               
	          	</collection>   	            
	          </field>
            <field  name="showReference"><boolean>false</boolean></field>
            <field  name="showNonDocument"><boolean>true</boolean></field>
            <field  name="showSideBar"><boolean>true</boolean></field>
            <field  name="showHiddenNode"><boolean>true</boolean></field>
            <field  name="allowCreateFolder"><string>both</string></field>
	        </object>
	      </object-param>    
      </init-params>
    </component-plugin>
  </external-component-plugins>
  
  <external-component-plugins>
    <target-component>org.exoplatform.services.ecm.template.NodeTemplateService</target-component>
    <component-plugin>
      <name>test.template.component.plugin</name>
      <set-method>addPlugin</set-method>
      <type>org.exoplatform.services.ecm.template.impl.NodeTemplatePlugin</type>
      <init-params>
	      <object-param>        
	        <name>System files1</name>
	        <description>DriveEntry one</description>
	        <object type="org.exoplatform.services.ecm.template.TemplateEntry">
	          <field  name="nodeTypeName"><string>exo:file</string></field>
	          <field  name="label"><string>article</string></field>
	          <field  name="templateName"><string>exo:article</string></field>
	           <field  name="isDialog"><boolean>true</boolean></field>
            <field  name="isDocumentTemplate"><boolean>true</boolean></field>
	          <field  name="accessPermissions">
	          	<collection type="java.util.ArrayList">
	          		<value><string>*:/platform/administrators</string></value>	          		               
	          	</collection>   	            	          
	          </field>
						<field  name="templateData"><string>ds?!@#$%>fsdsdfsdf</string></field>
	        </object>
	      </object-param>
	      <object-param>        
	        <name>System files2</name>
	        <description>DriveEntry Two</description>
	        <object type="org.exoplatform.services.ecm.template.TemplateEntry">
	          <field  name="nodeTypeName"><string>xml</string></field>
	          <field  name="label"><string>article</string></field>
	          <field  name="templateName"><string>exo:article</string></field>
	           <field  name="isDialog"><boolean>true</boolean></field>
            <field  name="isDocumentTemplate"><boolean>true</boolean></field>
	          <field  name="accessPermissions">
	          	<collection type="java.util.ArrayList">
	          		<value><string>*:/platform/administrators</string></value>	          		               
	          	</collection>   	            	          
	          </field>
						<field  name="templateData"><string>ds?!@#$%>fsdsdfsdf</string></field>
	        </object>
	      </object-param>    
      </init-params>
    </component-plugin>
  </external-component-plugins>
       
  <remove-configuration>org.exoplatform.services.scheduler.JobSchedulerService</remove-configuration>    
  <remove-configuration>org.exoplatform.services.transaction.ExoTransactionService</remove-configuration>  
</configuration>
