<?xml version="1.0" encoding="ISO-8859-1"?>
<configuration>
	<component>
    <key>org.exoplatform.services.cms.publication.PublicationPresentationService</key>
    <type>org.exoplatform.services.cms.publication.impl.PublicationPresentationServiceImpl</type>
  </component>
  
  <component>
    <key>org.exoplatform.services.cms.publication.PublicationService</key>
    <type>org.exoplatform.services.cms.publication.impl.PublicationServiceImpl</type>
  </component>
  
  <component>
    <type>org.exoplatform.container.xml.PortalContainerInfo</type>
  </component>
  
   <import>classpath:/conf/standalone/test-jcr-configuration.xml</import> 
  
</configuration>