<?xml version="1.0" encoding="ISO-8859-1"?>

<configuration>  
  
   <external-component-plugins>
   	<target-component>org.exoplatform.services.cms.drives.ManageDriveService</target-component>    

      <component-plugin> 
        <name>manage.drive.plugin</name>
        <set-method>setManageDrivePlugin</set-method>
        <type>org.exoplatform.services.cms.drives.impl.ManageDrivePlugin</type>
        <description>Nothing</description>
        <init-params>
          <object-param>        
            <name>System files</name>
            <description>System workspace</description>
            <object type="org.exoplatform.services.cms.drives.DriveData">
              <field  name="name"><string>System files</string></field>
              <field  name="repository"><string>repository</string></field>
              <field  name="workspace"><string>system</string></field>
              <field  name="permissions"><string>*:/platform/administrators</string></field>
              <field  name="homePath"><string>/</string></field>
              <field  name="icon"><string></string></field>
              <field  name="views">
                <string>system-view</string>
              </field>
              <field  name="viewPreferences"><boolean>false</boolean></field>
              <field  name="viewNonDocument"><boolean>true</boolean></field>
              <field  name="viewSideBar"><boolean>true</boolean></field>
              <field  name="showHiddenNode"><boolean>true</boolean></field>
              <field  name="allowCreateFolders"><string>nt:folder,nt:unstructured</string></field>       
            </object>
          </object-param>                    
          <object-param>        
            <name>Collaboration Center</name>
            <description>Collaboration workspace set</description>
            <object type="org.exoplatform.services.cms.drives.DriveData">
              <field  name="name"><string>Collaboration Center</string></field>
              <field  name="repository"><string>repository</string></field>
              <field  name="workspace"><string>collaboration</string></field>
              <field  name="permissions"><string>*:/platform/administrators</string></field>
              <field  name="homePath"><string>/</string></field>
              <field  name="icon"><string></string></field>
              <field  name="views">
                <string>icon-view, simple-view, admin-view, cover-flow</string>
              </field>
              <field  name="viewPreferences"><boolean>false</boolean></field>
              <field  name="viewNonDocument"><boolean>false</boolean></field>
              <field  name="viewSideBar"><boolean>true</boolean></field>
              <field  name="showHiddenNode"><boolean>false</boolean></field>
              <field  name="allowCreateFolders"><string>nt:folder,nt:unstructured</string></field>       
            </object>
          </object-param>          
          <object-param>        
            <name>Backup Administration</name>
            <description>Backup workspace set</description>
            <object type="org.exoplatform.services.cms.drives.DriveData">
              <field  name="name"><string>Backup Center</string></field>
              <field  name="repository"><string>repository</string></field>
              <field  name="workspace"><string>backup</string></field>
              <field  name="permissions"><string>*:/platform/administrators</string></field>
              <field  name="homePath"><string>/</string></field>
              <field  name="icon"><string></string></field>
              <field  name="views">
                <string>simple-view, admin-view</string>
              </field>
              <field  name="viewPreferences"><boolean>false</boolean></field>
              <field  name="viewNonDocument"><boolean>false</boolean></field>
              <field  name="viewSideBar"><boolean>true</boolean></field>
              <field  name="showHiddenNode"><boolean>false</boolean></field>
              <field  name="allowCreateFolders"><string>nt:folder,nt:unstructured</string></field>          
            </object>
          </object-param>    
        </init-params>  
      </component-plugin> 

   </external-component-plugins>
</configuration>
