<?xml version="1.0" encoding="ISO-8859-1"?>
<configuration>
 
 <component>
    <key>org.exoplatform.services.log.LogConfigurationInitializer</key>
    <type>org.exoplatform.services.log.LogConfigurationInitializer</type>
    <init-params>
      <value-param>
        <name>logger</name>
        <value>org.exoplatform.services.log.impl.BufferedLog4JLogger</value>
      </value-param>
      <value-param>
        <name>configurator</name>
        <value>org.exoplatform.services.log.impl.Log4JConfigurator</value>
      </value-param>
      <properties-param>
        <name>properties</name>
        <description>Log4J properties</description>
        <property name="log4j.rootLogger" value="INFO, stdout, file"/>
        
        <property name="log4j.appender.stdout" value="org.apache.log4j.ConsoleAppender"/>
        <property name="log4j.appender.stdout.threshold" value="INFO"/>
        
        <property name="log4j.appender.stdout.layout" value="org.apache.log4j.PatternLayout"/>
        <property name="log4j.appender.stdout.layout.ConversionPattern" value="%d{dd.MM.yyyy HH:mm:ss} *%-5p* [%t] %c{1}: %m (%F, line %L) %n"/>
        
        <property name="log4j.appender.file" value="org.apache.log4j.FileAppender"/>
        <property name="log4j.appender.file.File" value="target/jcr.log"/>
        
        <property name="log4j.appender.file.layout" value="org.apache.log4j.PatternLayout"/>
        <property name="log4j.appender.file.layout.ConversionPattern" value="%d{dd.MM.yyyy HH:mm:ss} *%-5p* [%t] %c{1}: %m (%F, line %L) %n"/>
        
        <!-- property name="log4j.category.ext.BackupScheduler" value="DEBUG"/>
        <property name="log4j.category.ext.BackupManagerImpl" value="DEBUG"/ -->
        
      </properties-param>
    </init-params>
  </component>

  <component>
      <type>org.exoplatform.services.jcr.ext.registry.RegistryService</type>
      <init-params>
        <properties-param>
        <name>locations</name>
        	<property name="repository" value="system"/>
        </properties-param>
      </init-params>
    </component>
  
  <component>
    <key>org.exoplatform.services.resources.LocaleConfigService</key>
    <type>org.exoplatform.services.resources.impl.LocaleConfigServiceImpl</type>
      <init-params>
        <value-param>
          <name>locale.config.file</name>
          <value>jar:/conf/locales-config.xml</value>
        </value-param>
      </init-params>
  </component> 
  
  <component>
    <key>org.exoplatform.services.organization.OrganizationService</key>
    <type>org.exoplatform.services.jcr.ext.organization.JCROrganizationServiceImpl</type>
    <init-params>
      <value-param>
        <name>storage-workspace</name>
        <description>Workspace in default repository where organization storage will be created</description>
        <value>collaboration</value>
      </value-param>
    </init-params>
  </component>  

  <component>
    <type>org.exoplatform.container.xml.PortalContainerInfo</type>
  </component>
	<component>
		<key>org.exoplatform.webui.ext.UIExtensionManager</key>
		<type>org.exoplatform.webui.ext.impl.UIExtensionManagerImpl</type>
	</component>
	
	<import>classpath:/conf/standalone/test-jcr-configuration.xml</import>
	<import>classpath:/conf/standalone/system-configuration.xml</import>
	<import>classpath:/conf/standalone/test-organization-configuration.xml</import>
	<import>classpath:/conf/standalone/test-taxonomies-configuration.xml</import>
	<import>classpath:/conf/standalone/test-dms-actions-configuration.xml</import>
	<import>classpath:/conf/standalone/test-templates-configuration.xml</import> 
  <import>classpath:/conf/standalone/test-drives-configuration.xml</import>
  <import>classpath:/conf/standalone/test-metadata-configuration.xml</import>
  <import>classpath:/conf/standalone/test-folksonomy-configuration.xml</import>
  <import>classpath:/conf/standalone/cms-configuration.xml</import> 
  <import>classpath:/conf/standalone/test-queries-configuration.xml</import>
</configuration>