<?xml version="1.0" encoding="ISO-8859-1"?>
<configuration>
 
  <component>
      <type>org.exoplatform.services.jcr.ext.registry.RegistryService</type>
      <init-params>
        <properties-param>
        <name>locations</name>
        	<property name="repository" value="system"/>
        </properties-param>
      </init-params>
    </component>
  
  <component>
    <key>org.exoplatform.services.resources.LocaleConfigService</key>
    <type>org.exoplatform.services.resources.impl.LocaleConfigServiceImpl</type>
      <init-params>
        <value-param>
          <name>locale.config.file</name>
          <value>jar:/conf/locales-config.xml</value>
        </value-param>
      </init-params>
  </component>    
  
  <component>
    <type>org.exoplatform.container.xml.PortalContainerInfo</type>
  </component>
   <import>classpath:/conf/standalone/test-jcr-configuration.xml</import> 
   <import>classpath:/conf/standalone/system-configuration.xml</import> 
  
</configuration>