<?xml version="1.0" encoding="ISO-8859-1"?>
  <!--

    Copyright (C) 2009 eXo Platform SAS.
    
    This is free software; you can redistribute it and/or modify it
    under the terms of the GNU Lesser General Public License as
    published by the Free Software Foundation; either version 2.1 of
    the License, or (at your option) any later version.
    
    This software is distributed in the hope that it will be useful,
    but WITHOUT ANY WARRANTY; without even the implied warranty of
    MERCHANTABILITY or FITNESS FOR A PARTICULAR PURPOSE. See the GNU
    Lesser General Public License for more details.
    
    You should have received a copy of the GNU Lesser General Public
    License along with this software; if not, write to the Free
    Software Foundation, Inc., 51 Franklin St, Fifth Floor, Boston, MA
    02110-1301 USA, or see the FSF site: http://www.fsf.org.

-->
<configuration xmlns:xsi="http://www.w3.org/2001/XMLSchema-instance" xsi:schemaLocation="http://www.exoplaform.org/xml/ns/kernel_1_0.xsd http://www.exoplaform.org/xml/ns/kernel_1_0.xsd" xmlns="http://www.exoplaform.org/xml/ns/kernel_1_0.xsd">

  <component>
    <key>org.exoplatform.services.resources.LocaleConfigService</key>
    <type>org.exoplatform.services.resources.impl.LocaleConfigServiceImpl</type>
    <init-params>
      <value-param>
        <name>locale.config.file</name>
        <value>classpath:/conf/standalone/portal/test-locales-configuration.xml</value>
      </value-param>
    </init-params>
  </component>

  <component>
    <key>org.exoplatform.portal.config.UserPortalConfigService</key>
    <type>org.exoplatform.portal.config.UserPortalConfigService</type>
    <component-plugins>
      <component-plugin>
        <name>new.portal.config.user.listener</name>
        <set-method>initListener</set-method>
        <type>org.exoplatform.portal.config.NewPortalConfigListener</type>
        <description>this listener init the portal configuration</description>
        <init-params>
          <value-param>
            <name>default.portal</name>
            <description>The default portal for checking db is empty or not</description>
            <value>classic</value>
          </value-param>
          <value-param>
            <name>initializing.failure.ignore</name>
            <description>In the run method, use try catch or not (value is true/false)</description>
            <value>true</value>
          </value-param>
          <object-param>
            <name>portal.configuration</name>
            <description>description</description>
            <object type="org.exoplatform.portal.config.NewPortalConfig">
              <field name="predefinedOwner">
                <collection type="java.util.HashSet">
                  <value>
                    <string>classic</string>
                  </value>
                </collection>
              </field>
              <field name="ownerType">
                <string>portal</string>
              </field>
              <field name="templateLocation">
                <string>classpath:/conf/portal</string>
              </field>
            </object>
          </object-param>
        </init-params>
      </component-plugin>
    </component-plugins>
  </component>

  <component>
    <key>org.exoplatform.portal.config.UserACL</key>
    <type>org.exoplatform.portal.config.UserACL</type>
    <init-params>
      <value-param>
        <name>super.user</name>
        <description>administrator</description>
        <value>root</value>
      </value-param>
      <value-param>
        <name>navigation.creator.membership.type</name>
        <description>specific membership type have full permission with group navigation</description>
        <value>editor</value>
      </value-param>
      <value-param>
        <name>guests.group</name>
        <description>public group for portal</description>
        <value>/platform/guests</value>
      </value-param>
    </init-params>
  </component>

  <component>
    <key>org.exoplatform.portal.config.DataStorage</key>
    <type>org.exoplatform.portal.config.DataStorageImpl</type>
  </component>

  <component>
    <key>org.exoplatform.portal.pom.data.ModelDataStorage</key>
    <type>org.exoplatform.portal.pom.config.POMDataStorage</type>
  </component>

  <component>
    <key>org.exoplatform.portal.pom.config.POMSessionManager</key>
    <type>org.exoplatform.portal.pom.config.POMSessionManager</type>
  </component>

  <component>
    <key>org.exoplatform.commons.chromattic.ChromatticManager</key>
    <type>org.exoplatform.commons.chromattic.ChromatticManager</type>
  </component>

  <component>
    <key>org.exoplatform.services.organization.idm.PicketLinkIDMService</key>
    <type>org.exoplatform.services.organization.idm.PicketLinkIDMServiceImpl</type>
    <init-params>
      <value-param>
        <name>config</name>
        <value>classpath:/conf/standalone/portal/test-picketlink-configuration.xml</value>
      </value-param>
      <value-param>
        <name>portalRealm</name>
        <value>realm_portal</value>
      </value-param>
    </init-params>
  </component>

  <component>
    <type>org.exoplatform.portal.resource.SkinService</type>
  </component>

  <external-component-plugins>
    <target-component>org.exoplatform.commons.chromattic.ChromatticManager</target-component>
    <component-plugin>
      <name>chromattic</name>
      <set-method>addLifeCycle</set-method>
      <type>org.exoplatform.portal.pom.config.MOPChromatticLifeCycle</type>
      <init-params>
        <value-param>
          <name>domain-name</name>
          <value>mop</value>
        </value-param>
        <value-param>
          <name>workspace-name</name>
          <value>portal-system</value>
        </value-param>
        <values-param>
          <name>entities</name>
          <value>org.gatein.mop.core.api.workspace.WorkspaceImpl</value>
          <value>org.gatein.mop.core.api.workspace.UIContainerImpl</value>
          <value>org.gatein.mop.core.api.workspace.UIWindowImpl</value>
          <value>org.gatein.mop.core.api.workspace.UIBodyImpl</value>
          <value>org.gatein.mop.core.api.workspace.PageImpl</value>
          <value>org.gatein.mop.core.api.workspace.PageContainer</value>
          <value>org.gatein.mop.core.api.workspace.NavigationImpl</value>
          <value>org.gatein.mop.core.api.workspace.NavigationContainer</value>
          <value>org.gatein.mop.core.api.workspace.PageLinkImpl</value>
          <value>org.gatein.mop.core.api.workspace.URLLinkImpl</value>
          <value>org.gatein.mop.core.api.workspace.PortalSiteContainer</value>
          <value>org.gatein.mop.core.api.workspace.PortalSite</value>
          <value>org.gatein.mop.core.api.workspace.GroupSiteContainer</value>
          <value>org.gatein.mop.core.api.workspace.GroupSite</value>
          <value>org.gatein.mop.core.api.workspace.UserSiteContainer</value>
          <value>org.gatein.mop.core.api.workspace.UserSite</value>
          <value>org.gatein.mop.core.api.workspace.content.CustomizationContainer</value>
          <value>org.gatein.mop.core.api.workspace.content.ContextTypeContainer</value>
          <value>org.gatein.mop.core.api.workspace.content.ContextType</value>
          <value>org.gatein.mop.core.api.workspace.content.ContextSpecialization</value>
          <value>org.gatein.mop.core.api.workspace.content.WorkspaceClone</value>
          <value>org.gatein.mop.core.api.workspace.content.WorkspaceSpecialization</value>
          <value>org.exoplatform.portal.pom.spi.portlet.PortletState</value>
          <value>org.exoplatform.portal.pom.spi.portlet.PreferenceState</value>
          <value>org.exoplatform.portal.pom.spi.gadget.GadgetState</value>
          <value>org.exoplatform.portal.pom.spi.wsrp.WSRPState</value>
        </values-param>
      </init-params>
    </component-plugin>
  </external-component-plugins>

</configuration>